<?xml version="1.0" encoding="UTF-8"?>
<!-- Generated by org.testng.reporters.JUnitXMLReporter -->
<testsuite ignored="0" hostname="DESKTOP-M77L0PS" failures="0" tests="3" name="Default test" time="13.979" errors="0" timestamp="2021-11-19T20:48:51 ICT">
  <testcase classname="Testcase.Register" name="CheckRegister" time="3.663"/>
  <testcase classname="Testcase.Register" name="CheckRegisterPassword" time="2.072"/>
  <testcase classname="Testcase.Register" name="Register" time="2.105"/>
</testsuite> <!-- Default test -->
