<?xml version="1.0" encoding="UTF-8"?>
<!-- Generated by org.testng.reporters.JUnitXMLReporter -->
<testsuite ignored="2" hostname="DESKTOP-M77L0PS" failures="1" tests="1" name="Test" time="0.172" errors="0" timestamp="2021-11-18T15:44:35 ICT">
  <testcase classname="Testcase.Login" name="CheckLoginPhoneFail" time="0.095">
    <failure type="java.lang.NullPointerException">
      <![CDATA[java.lang.NullPointerException
at Testcase.Login.CheckLoginPhoneFail(Login.java:24)
at java.base/java.util.ArrayList.forEach(ArrayList.java:1507)
... Removed 27 stack frames]]>
    </failure>
  </testcase> <!-- CheckLoginPhoneFail -->
  <testcase classname="Testcase.Login" name="Login" time="0.0">
    <ignored/>
  </testcase> <!-- Login -->
  <testcase classname="Testcase.Login" name="CheckLoginPassword" time="0.0">
    <ignored/>
  </testcase> <!-- CheckLoginPassword -->
</testsuite> <!-- Test -->
